<?xml version="1.0" encoding="UTF-8"?>
<coverage generated="1692105028266" clover="3.2.0">
  <project timestamp="1692105028266" name="All files">
    <metrics statements="36" coveredstatements="30" conditionals="12" coveredconditionals="11" methods="9" coveredmethods="8" elements="57" coveredelements="49" complexity="0" loc="36" ncloc="36" packages="1" files="1" classes="1"/>
    <file name="linkedList.js" path="/Users/motunde/Documents/Odin_Project/linked_list/linkedList.js">
      <metrics statements="36" coveredstatements="30" conditionals="12" coveredconditionals="11" methods="9" coveredmethods="8"/>
      <line num="4" count="14" type="stmt"/>
      <line num="5" count="14" type="stmt"/>
      <line num="12" count="40" type="stmt"/>
      <line num="13" count="40" type="stmt"/>
      <line num="14" count="40" type="stmt"/>
      <line num="22" count="12" type="cond" truecount="4" falsecount="0"/>
      <line num="24" count="6" type="stmt"/>
      <line num="25" count="6" type="stmt"/>
      <line num="26" count="8" type="stmt"/>
      <line num="28" count="6" type="stmt"/>
      <line num="32" count="4" type="cond" truecount="2" falsecount="0"/>
      <line num="35" count="3" type="stmt"/>
      <line num="36" count="3" type="cond" truecount="2" falsecount="0"/>
      <line num="39" count="1" type="stmt"/>
      <line num="40" count="1" type="stmt"/>
      <line num="44" count="2" type="stmt"/>
      <line num="45" count="2" type="stmt"/>
      <line num="49" count="3" type="cond" truecount="1" falsecount="1"/>
      <line num="51" count="3" type="stmt"/>
      <line num="52" count="3" type="cond" truecount="2" falsecount="0"/>
      <line num="54" count="1" type="stmt"/>
      <line num="55" count="1" type="stmt"/>
      <line num="65" count="0" type="stmt"/>
      <line num="66" count="0" type="stmt"/>
      <line num="68" count="0" type="stmt"/>
      <line num="69" count="0" type="stmt"/>
      <line num="70" count="0" type="stmt"/>
      <line num="72" count="0" type="stmt"/>
      <line num="79" count="41" type="stmt"/>
      <line num="80" count="41" type="stmt"/>
      <line num="85" count="1" type="stmt"/>
      <line num="86" count="13" type="stmt"/>
      <line num="88" count="13" type="stmt"/>
      <line num="89" count="37" type="stmt"/>
      <line num="91" count="13" type="stmt"/>
      <line num="94" count="1" type="stmt"/>
    </file>
  </project>
</coverage>
