<?xml version="1.0" encoding="UTF-8"?>
<coverage generated="1692110029929" clover="3.2.0">
  <project timestamp="1692110029930" name="All files">
    <metrics statements="46" coveredstatements="37" conditionals="14" coveredconditionals="12" methods="11" coveredmethods="9" elements="71" coveredelements="58" complexity="0" loc="46" ncloc="46" packages="1" files="1" classes="1"/>
    <file name="linkedList.js" path="/Users/motunde/Documents/Odin_Project/linked_list/linkedList.js">
      <metrics statements="46" coveredstatements="37" conditionals="14" coveredconditionals="12" methods="11" coveredmethods="9"/>
      <line num="4" count="15" type="stmt"/>
      <line num="5" count="15" type="stmt"/>
      <line num="9" count="0" type="stmt"/>
      <line num="10" count="0" type="stmt"/>
      <line num="11" count="0" type="stmt"/>
      <line num="17" count="44" type="stmt"/>
      <line num="18" count="44" type="stmt"/>
      <line num="20" count="44" type="stmt"/>
      <line num="24" count="1" type="stmt"/>
      <line num="26" count="1" type="cond" truecount="1" falsecount="1"/>
      <line num="28" count="1" type="stmt"/>
      <line num="29" count="3" type="stmt"/>
      <line num="31" count="1" type="stmt"/>
      <line num="32" count="1" type="stmt"/>
      <line num="33" count="1" type="stmt"/>
      <line num="38" count="12" type="cond" truecount="4" falsecount="0"/>
      <line num="40" count="6" type="stmt"/>
      <line num="41" count="6" type="stmt"/>
      <line num="42" count="8" type="stmt"/>
      <line num="44" count="6" type="stmt"/>
      <line num="48" count="4" type="cond" truecount="2" falsecount="0"/>
      <line num="51" count="3" type="stmt"/>
      <line num="52" count="3" type="cond" truecount="2" falsecount="0"/>
      <line num="55" count="1" type="stmt"/>
      <line num="56" count="1" type="stmt"/>
      <line num="60" count="2" type="stmt"/>
      <line num="61" count="2" type="stmt"/>
      <line num="65" count="3" type="cond" truecount="1" falsecount="1"/>
      <line num="67" count="3" type="stmt"/>
      <line num="68" count="3" type="cond" truecount="2" falsecount="0"/>
      <line num="70" count="1" type="stmt"/>
      <line num="71" count="1" type="stmt"/>
      <line num="84" count="0" type="stmt"/>
      <line num="85" count="0" type="stmt"/>
      <line num="87" count="0" type="stmt"/>
      <line num="88" count="0" type="stmt"/>
      <line num="89" count="0" type="stmt"/>
      <line num="91" count="0" type="stmt"/>
      <line num="98" count="46" type="stmt"/>
      <line num="99" count="46" type="stmt"/>
      <line num="104" count="1" type="stmt"/>
      <line num="105" count="14" type="stmt"/>
      <line num="107" count="14" type="stmt"/>
      <line num="108" count="41" type="stmt"/>
      <line num="110" count="14" type="stmt"/>
      <line num="113" count="1" type="stmt"/>
    </file>
  </project>
</coverage>
