{"/Users/motunde/Documents/Odin_Project/linked_list/linkedList.js": {"path":"/Users/motunde/Documents/Odin_Project/linked_list/linkedList.js","statementMap":{"0":{"start":{"line":4,"column":4},"end":{"line":4,"column":20}},"1":{"start":{"line":5,"column":4},"end":{"line":5,"column":19}},"2":{"start":{"line":12,"column":20},"end":{"line":12,"column":56}},"3":{"start":{"line":13,"column":4},"end":{"line":13,"column":23}},"4":{"start":{"line":14,"column":4},"end":{"line":14,"column":17}},"5":{"start":{"line":22,"column":4},"end":{"line":22,"column":54}},"6":{"start":{"line":22,"column":43},"end":{"line":22,"column":54}},"7":{"start":{"line":24,"column":18},"end":{"line":24,"column":27}},"8":{"start":{"line":25,"column":4},"end":{"line":27,"column":5}},"9":{"start":{"line":25,"column":17},"end":{"line":25,"column":18}},"10":{"start":{"line":26,"column":6},"end":{"line":26,"column":28}},"11":{"start":{"line":28,"column":4},"end":{"line":28,"column":18}},"12":{"start":{"line":32,"column":4},"end":{"line":32,"column":47}},"13":{"start":{"line":32,"column":21},"end":{"line":32,"column":47}},"14":{"start":{"line":35,"column":18},"end":{"line":35,"column":44}},"15":{"start":{"line":36,"column":4},"end":{"line":36,"column":33}},"16":{"start":{"line":36,"column":22},"end":{"line":36,"column":33}},"17":{"start":{"line":39,"column":4},"end":{"line":39,"column":52}},"18":{"start":{"line":40,"column":4},"end":{"line":40,"column":17}},"19":{"start":{"line":44,"column":4},"end":{"line":44,"column":30}},"20":{"start":{"line":45,"column":4},"end":{"line":45,"column":17}},"21":{"start":{"line":55,"column":17},"end":{"line":55,"column":19}},"22":{"start":{"line":56,"column":18},"end":{"line":56,"column":27}},"23":{"start":{"line":58,"column":4},"end":{"line":61,"column":5}},"24":{"start":{"line":59,"column":6},"end":{"line":59,"column":46}},"25":{"start":{"line":60,"column":6},"end":{"line":60,"column":28}},"26":{"start":{"line":62,"column":4},"end":{"line":62,"column":32}},"27":{"start":{"line":69,"column":4},"end":{"line":69,"column":22}},"28":{"start":{"line":70,"column":4},"end":{"line":70,"column":20}},"29":{"start":{"line":75,"column":0},"end":{"line":82,"column":1}},"30":{"start":{"line":76,"column":13},"end":{"line":76,"column":29}},"31":{"start":{"line":78,"column":2},"end":{"line":80,"column":3}},"32":{"start":{"line":78,"column":15},"end":{"line":78,"column":31}},"33":{"start":{"line":79,"column":4},"end":{"line":79,"column":25}},"34":{"start":{"line":81,"column":2},"end":{"line":81,"column":11}},"35":{"start":{"line":84,"column":0},"end":{"line":84,"column":27}}},"fnMap":{"0":{"name":"(anonymous_0)","decl":{"start":{"line":2,"column":2},"end":{"line":2,"column":3}},"loc":{"start":{"line":2,"column":16},"end":{"line":7,"column":3}},"line":2},"1":{"name":"(anonymous_1)","decl":{"start":{"line":10,"column":2},"end":{"line":10,"column":3}},"loc":{"start":{"line":10,"column":17},"end":{"line":15,"column":3}},"line":10},"2":{"name":"(anonymous_2)","decl":{"start":{"line":21,"column":2},"end":{"line":21,"column":3}},"loc":{"start":{"line":21,"column":20},"end":{"line":29,"column":3}},"line":21},"3":{"name":"(anonymous_3)","decl":{"start":{"line":31,"column":2},"end":{"line":31,"column":3}},"loc":{"start":{"line":31,"column":30},"end":{"line":41,"column":3}},"line":31},"4":{"name":"(anonymous_4)","decl":{"start":{"line":43,"column":2},"end":{"line":43,"column":3}},"loc":{"start":{"line":43,"column":15},"end":{"line":46,"column":3}},"line":43},"5":{"name":"(anonymous_5)","decl":{"start":{"line":54,"column":2},"end":{"line":54,"column":3}},"loc":{"start":{"line":54,"column":10},"end":{"line":63,"column":3}},"line":54},"6":{"name":"(anonymous_6)","decl":{"start":{"line":68,"column":2},"end":{"line":68,"column":3}},"loc":{"start":{"line":68,"column":27},"end":{"line":71,"column":3}},"line":68},"7":{"name":"(anonymous_7)","decl":{"start":{"line":75,"column":24},"end":{"line":75,"column":25}},"loc":{"start":{"line":75,"column":44},"end":{"line":82,"column":1}},"line":75}},"branchMap":{"0":{"loc":{"start":{"line":22,"column":4},"end":{"line":22,"column":54}},"type":"if","locations":[{"start":{"line":22,"column":4},"end":{"line":22,"column":54}},{"start":{},"end":{}}],"line":22},"1":{"loc":{"start":{"line":22,"column":8},"end":{"line":22,"column":41}},"type":"binary-expr","locations":[{"start":{"line":22,"column":8},"end":{"line":22,"column":17}},{"start":{"line":22,"column":21},"end":{"line":22,"column":41}}],"line":22},"2":{"loc":{"start":{"line":32,"column":4},"end":{"line":32,"column":47}},"type":"if","locations":[{"start":{"line":32,"column":4},"end":{"line":32,"column":47}},{"start":{},"end":{}}],"line":32},"3":{"loc":{"start":{"line":36,"column":4},"end":{"line":36,"column":33}},"type":"if","locations":[{"start":{"line":36,"column":4},"end":{"line":36,"column":33}},{"start":{},"end":{}}],"line":36}},"s":{"0":10,"1":10,"2":29,"3":29,"4":29,"5":8,"6":4,"7":4,"8":4,"9":4,"10":6,"11":4,"12":4,"13":1,"14":3,"15":3,"16":2,"17":1,"18":1,"19":1,"20":1,"21":0,"22":0,"23":0,"24":0,"25":0,"26":0,"27":30,"28":30,"29":1,"30":9,"31":9,"32":9,"33":26,"34":9,"35":1},"f":{"0":10,"1":29,"2":8,"3":4,"4":1,"5":0,"6":30,"7":9},"b":{"0":[4,4],"1":[8,6],"2":[1,3],"3":[2,1]},"_coverageSchema":"1a1c01bbd47fc00a2c39e90264f33305004495a9","hash":"2e2f73925c6dde9a25b4c82eee0ea11ec726e94b"}
}
