{"/Users/motunde/Documents/Odin_Project/linked_list/linkedList.js": {"path":"/Users/motunde/Documents/Odin_Project/linked_list/linkedList.js","statementMap":{"0":{"start":{"line":4,"column":4},"end":{"line":4,"column":20}},"1":{"start":{"line":5,"column":4},"end":{"line":5,"column":19}},"2":{"start":{"line":12,"column":20},"end":{"line":12,"column":56}},"3":{"start":{"line":13,"column":4},"end":{"line":13,"column":23}},"4":{"start":{"line":14,"column":4},"end":{"line":14,"column":17}},"5":{"start":{"line":22,"column":4},"end":{"line":22,"column":54}},"6":{"start":{"line":22,"column":43},"end":{"line":22,"column":54}},"7":{"start":{"line":24,"column":18},"end":{"line":24,"column":27}},"8":{"start":{"line":25,"column":4},"end":{"line":27,"column":5}},"9":{"start":{"line":25,"column":17},"end":{"line":25,"column":18}},"10":{"start":{"line":26,"column":6},"end":{"line":26,"column":28}},"11":{"start":{"line":28,"column":4},"end":{"line":28,"column":18}},"12":{"start":{"line":32,"column":4},"end":{"line":32,"column":47}},"13":{"start":{"line":32,"column":21},"end":{"line":32,"column":47}},"14":{"start":{"line":35,"column":18},"end":{"line":35,"column":44}},"15":{"start":{"line":36,"column":4},"end":{"line":36,"column":33}},"16":{"start":{"line":36,"column":22},"end":{"line":36,"column":33}},"17":{"start":{"line":39,"column":4},"end":{"line":39,"column":52}},"18":{"start":{"line":40,"column":4},"end":{"line":40,"column":17}},"19":{"start":{"line":44,"column":4},"end":{"line":44,"column":30}},"20":{"start":{"line":45,"column":4},"end":{"line":45,"column":17}},"21":{"start":{"line":49,"column":4},"end":{"line":49,"column":45}},"22":{"start":{"line":49,"column":21},"end":{"line":49,"column":45}},"23":{"start":{"line":51,"column":18},"end":{"line":51,"column":44}},"24":{"start":{"line":52,"column":4},"end":{"line":52,"column":33}},"25":{"start":{"line":52,"column":22},"end":{"line":52,"column":33}},"26":{"start":{"line":54,"column":4},"end":{"line":54,"column":30}},"27":{"start":{"line":55,"column":4},"end":{"line":55,"column":17}},"28":{"start":{"line":65,"column":17},"end":{"line":65,"column":19}},"29":{"start":{"line":66,"column":18},"end":{"line":66,"column":27}},"30":{"start":{"line":68,"column":4},"end":{"line":71,"column":5}},"31":{"start":{"line":69,"column":6},"end":{"line":69,"column":46}},"32":{"start":{"line":70,"column":6},"end":{"line":70,"column":28}},"33":{"start":{"line":72,"column":4},"end":{"line":72,"column":32}},"34":{"start":{"line":79,"column":4},"end":{"line":79,"column":22}},"35":{"start":{"line":80,"column":4},"end":{"line":80,"column":20}},"36":{"start":{"line":85,"column":0},"end":{"line":92,"column":1}},"37":{"start":{"line":86,"column":13},"end":{"line":86,"column":29}},"38":{"start":{"line":88,"column":2},"end":{"line":90,"column":3}},"39":{"start":{"line":88,"column":15},"end":{"line":88,"column":31}},"40":{"start":{"line":89,"column":4},"end":{"line":89,"column":25}},"41":{"start":{"line":91,"column":2},"end":{"line":91,"column":11}},"42":{"start":{"line":94,"column":0},"end":{"line":94,"column":27}}},"fnMap":{"0":{"name":"(anonymous_0)","decl":{"start":{"line":2,"column":2},"end":{"line":2,"column":3}},"loc":{"start":{"line":2,"column":16},"end":{"line":7,"column":3}},"line":2},"1":{"name":"(anonymous_1)","decl":{"start":{"line":10,"column":2},"end":{"line":10,"column":3}},"loc":{"start":{"line":10,"column":17},"end":{"line":15,"column":3}},"line":10},"2":{"name":"(anonymous_2)","decl":{"start":{"line":21,"column":2},"end":{"line":21,"column":3}},"loc":{"start":{"line":21,"column":20},"end":{"line":29,"column":3}},"line":21},"3":{"name":"(anonymous_3)","decl":{"start":{"line":31,"column":2},"end":{"line":31,"column":3}},"loc":{"start":{"line":31,"column":30},"end":{"line":41,"column":3}},"line":31},"4":{"name":"(anonymous_4)","decl":{"start":{"line":43,"column":2},"end":{"line":43,"column":3}},"loc":{"start":{"line":43,"column":15},"end":{"line":46,"column":3}},"line":43},"5":{"name":"(anonymous_5)","decl":{"start":{"line":48,"column":2},"end":{"line":48,"column":3}},"loc":{"start":{"line":48,"column":30},"end":{"line":56,"column":3}},"line":48},"6":{"name":"(anonymous_6)","decl":{"start":{"line":64,"column":2},"end":{"line":64,"column":3}},"loc":{"start":{"line":64,"column":10},"end":{"line":73,"column":3}},"line":64},"7":{"name":"(anonymous_7)","decl":{"start":{"line":78,"column":2},"end":{"line":78,"column":3}},"loc":{"start":{"line":78,"column":27},"end":{"line":81,"column":3}},"line":78},"8":{"name":"(anonymous_8)","decl":{"start":{"line":85,"column":24},"end":{"line":85,"column":25}},"loc":{"start":{"line":85,"column":44},"end":{"line":92,"column":1}},"line":85}},"branchMap":{"0":{"loc":{"start":{"line":22,"column":4},"end":{"line":22,"column":54}},"type":"if","locations":[{"start":{"line":22,"column":4},"end":{"line":22,"column":54}},{"start":{},"end":{}}],"line":22},"1":{"loc":{"start":{"line":22,"column":8},"end":{"line":22,"column":41}},"type":"binary-expr","locations":[{"start":{"line":22,"column":8},"end":{"line":22,"column":17}},{"start":{"line":22,"column":21},"end":{"line":22,"column":41}}],"line":22},"2":{"loc":{"start":{"line":32,"column":4},"end":{"line":32,"column":47}},"type":"if","locations":[{"start":{"line":32,"column":4},"end":{"line":32,"column":47}},{"start":{},"end":{}}],"line":32},"3":{"loc":{"start":{"line":36,"column":4},"end":{"line":36,"column":33}},"type":"if","locations":[{"start":{"line":36,"column":4},"end":{"line":36,"column":33}},{"start":{},"end":{}}],"line":36},"4":{"loc":{"start":{"line":49,"column":4},"end":{"line":49,"column":45}},"type":"if","locations":[{"start":{"line":49,"column":4},"end":{"line":49,"column":45}},{"start":{},"end":{}}],"line":49},"5":{"loc":{"start":{"line":52,"column":4},"end":{"line":52,"column":33}},"type":"if","locations":[{"start":{"line":52,"column":4},"end":{"line":52,"column":33}},{"start":{},"end":{}}],"line":52}},"s":{"0":14,"1":14,"2":40,"3":40,"4":40,"5":12,"6":6,"7":6,"8":6,"9":6,"10":8,"11":6,"12":4,"13":1,"14":3,"15":3,"16":2,"17":1,"18":1,"19":2,"20":2,"21":3,"22":0,"23":3,"24":3,"25":2,"26":1,"27":1,"28":0,"29":0,"30":0,"31":0,"32":0,"33":0,"34":41,"35":41,"36":1,"37":13,"38":13,"39":13,"40":37,"41":13,"42":1},"f":{"0":14,"1":40,"2":12,"3":4,"4":2,"5":3,"6":0,"7":41,"8":13},"b":{"0":[6,6],"1":[12,9],"2":[1,3],"3":[2,1],"4":[0,3],"5":[2,1]},"_coverageSchema":"1a1c01bbd47fc00a2c39e90264f33305004495a9","hash":"ed8e17c06bbdfb2d8099af27dd0acb5c80d6b08d"}
}
