TN:
SF:linkedList.js
FN:2,(anonymous_0)
FN:8,(anonymous_1)
FN:15,(anonymous_2)
FN:23,(anonymous_3)
FN:37,(anonymous_4)
FN:47,(anonymous_5)
FN:59,(anonymous_6)
FN:64,(anonymous_7)
FN:83,(anonymous_8)
FN:97,(anonymous_9)
FN:104,(anonymous_10)
FNF:11
FNH:9
FNDA:15,(anonymous_0)
FNDA:0,(anonymous_1)
FNDA:44,(anonymous_2)
FNDA:1,(anonymous_3)
FNDA:12,(anonymous_4)
FNDA:4,(anonymous_5)
FNDA:2,(anonymous_6)
FNDA:3,(anonymous_7)
FNDA:0,(anonymous_8)
FNDA:46,(anonymous_9)
FNDA:14,(anonymous_10)
DA:4,15
DA:5,15
DA:9,0
DA:10,0
DA:11,0
DA:17,44
DA:18,44
DA:20,44
DA:24,1
DA:26,1
DA:28,1
DA:29,3
DA:31,1
DA:32,1
DA:33,1
DA:38,12
DA:40,6
DA:41,6
DA:42,8
DA:44,6
DA:48,4
DA:51,3
DA:52,3
DA:55,1
DA:56,1
DA:60,2
DA:61,2
DA:65,3
DA:67,3
DA:68,3
DA:70,1
DA:71,1
DA:84,0
DA:85,0
DA:87,0
DA:88,0
DA:89,0
DA:91,0
DA:98,46
DA:99,46
DA:104,1
DA:105,14
DA:107,14
DA:108,41
DA:110,14
DA:113,1
LF:46
LH:37
BRDA:26,0,0,0
BRDA:26,0,1,1
BRDA:38,1,0,6
BRDA:38,1,1,6
BRDA:38,2,0,12
BRDA:38,2,1,9
BRDA:48,3,0,1
BRDA:48,3,1,3
BRDA:52,4,0,2
BRDA:52,4,1,1
BRDA:65,5,0,0
BRDA:65,5,1,3
BRDA:68,6,0,2
BRDA:68,6,1,1
BRF:14
BRH:12
end_of_record
