TN:
SF:linkedList.js
FN:2,(anonymous_0)
FN:10,(anonymous_1)
FN:21,(anonymous_2)
FN:31,(anonymous_3)
FN:43,(anonymous_4)
FN:54,(anonymous_5)
FN:68,(anonymous_6)
FN:75,(anonymous_7)
FNF:8
FNH:7
FNDA:10,(anonymous_0)
FNDA:29,(anonymous_1)
FNDA:8,(anonymous_2)
FNDA:4,(anonymous_3)
FNDA:1,(anonymous_4)
FNDA:0,(anonymous_5)
FNDA:30,(anonymous_6)
FNDA:9,(anonymous_7)
DA:4,10
DA:5,10
DA:12,29
DA:13,29
DA:14,29
DA:22,8
DA:24,4
DA:25,4
DA:26,6
DA:28,4
DA:32,4
DA:35,3
DA:36,3
DA:39,1
DA:40,1
DA:44,1
DA:45,1
DA:55,0
DA:56,0
DA:58,0
DA:59,0
DA:60,0
DA:62,0
DA:69,30
DA:70,30
DA:75,1
DA:76,9
DA:78,9
DA:79,26
DA:81,9
DA:84,1
LF:31
LH:25
BRDA:22,0,0,4
BRDA:22,0,1,4
BRDA:22,1,0,8
BRDA:22,1,1,6
BRDA:32,2,0,1
BRDA:32,2,1,3
BRDA:36,3,0,2
BRDA:36,3,1,1
BRF:8
BRH:8
end_of_record
